=== Starting full_editor example ===
Creating Application...
Application created successfully
Getting terminal size...
Terminal size: 99x43
Calculating dialog dimensions...
Dialog dimensions: 70x25 at (14,9)
Creating Dialog...
Dialog created successfully
Creating instructions StaticText...
Adding instructions to dialog...
Instructions added successfully
Calculating editor bounds...
Editor bounds: Rect { a: Point { x: 2, y: 3 }, b: Point { x: 68, y: 22 } }
Creating Editor...
Editor created, adding scrollbars and indicator...
Scrollbars and indicator added successfully
Setting editor text...
Text set successfully
Setting auto-indent...
Auto-indent enabled
Adding editor to dialog...
Editor added successfully
Creating close button...
Close button created at y=23
Adding button to dialog...
Button added successfully
Setting initial focus...
Initial focus set
Executing dialog...
=== Starting full_editor example ===
Creating Application...
Application created successfully
Getting terminal size...
Terminal size: 99x43
Calculating dialog dimensions...
Dialog dimensions: 70x25 at (14,9)
Creating Dialog...
Dialog created successfully
Creating instructions StaticText...
Adding instructions to dialog...
Instructions added successfully
Calculating editor bounds...
Editor bounds: Rect { a: Point { x: 2, y: 3 }, b: Point { x: 68, y: 22 } }
Creating Editor...
Editor created, adding scrollbars and indicator...
Scrollbars and indicator added successfully
Setting editor text...
Text set successfully
Setting auto-indent...
Auto-indent enabled
Adding editor to dialog...
Editor added successfully
Creating close button...
Close button created at y=23
Adding button to dialog...
Button added successfully
Setting initial focus...
Initial focus set
Executing dialog...
=== Starting full_editor example ===
Creating Application...
=== Starting full_editor example ===
Creating Application...
Application created successfully
Getting terminal size...
Terminal size: 99x43
Calculating dialog dimensions...
Dialog dimensions: 70x25 at (14,9)
Creating Dialog...
Dialog created successfully
Creating instructions StaticText...
Adding instructions to dialog...
Instructions added successfully
Calculating editor bounds...
Editor bounds: Rect { a: Point { x: 2, y: 3 }, b: Point { x: 68, y: 22 } }
Creating Editor...
Editor created, adding scrollbars and indicator...
Scrollbars and indicator added successfully
Setting editor text...
Text set successfully
Setting auto-indent...
Auto-indent enabled
Adding editor to dialog...
Editor added successfully
Creating close button...
Close button created at y=23
Adding button to dialog...
Button added successfully
Setting initial focus...
Initial focus set
Executing dialog...
=== Starting full_editor example ===
Creating Application...
Application created successfully
Getting terminal size...
Terminal size: 99x43
Calculating dialog dimensions...
Dialog dimensions: 70x25 at (14,9)
Creating Dialog...
Dialog created successfully
Creating instructions StaticText...
Adding instructions to dialog...
Instructions added successfully
Calculating editor bounds...
Editor bounds: Rect { a: Point { x: 2, y: 3 }, b: Point { x: 68, y: 22 } }
Creating Editor...
Editor created, adding scrollbars and indicator...
Scrollbars and indicator added successfully
Setting editor text...
Text set successfully
Setting auto-indent...
Auto-indent enabled
Adding editor to dialog...
Editor added successfully
Creating close button...
Close button created at y=23
Adding button to dialog...
Button added successfully
Setting initial focus...
Initial focus set
Executing dialog...
